-------------------------------------------------------------------------------
Test set: com.elsevier.usage.apitests.cucumberoptions.TestRunner
-------------------------------------------------------------------------------
Tests run: 15, Failures: 0, Errors: 15, Skipped: 0, Time elapsed: 0.973 sec <<< FAILURE!
Submitting get request for dr_d1 json formatted end point and validating expected output data is matching with actual data for a scenario:dr_d1_ev_json.json(Perform functional testing around the actual contents of the reports that the service generates.)  Time elapsed: 0.181 sec  <<< ERROR!
java.lang.NullPointerException
	at com.elsevier.usage.apitests.stepdefinitions.ReportDefinition.selectEnvironment(ReportDefinition.java:39)
	at ✽.I select the environment on which the execution is to be processed(file:///Users/sistum/usage-projects/restassuredpractice/src/test/java/com/elsevier/usage/apitests/features/dr_d1andpr_p1Report.feature:4)

Submitting get request for dr_d1 json formatted end point and validating expected output data is matching with actual data for a scenario:dr_d1_sc_json.json(Perform functional testing around the actual contents of the reports that the service generates.)  Time elapsed: 0.007 sec  <<< ERROR!
java.lang.NullPointerException
	at com.elsevier.usage.apitests.stepdefinitions.ReportDefinition.selectEnvironment(ReportDefinition.java:39)
	at ✽.I select the environment on which the execution is to be processed(file:///Users/sistum/usage-projects/restassuredpractice/src/test/java/com/elsevier/usage/apitests/features/dr_d1andpr_p1Report.feature:4)

Submitting get request for pr_p1 json formatted end point and validating expected output data is matching with actual data for a scenario:pr_p1_sc_json.json(Perform functional testing around the actual contents of the reports that the service generates.)  Time elapsed: 0.008 sec  <<< ERROR!
java.lang.NullPointerException
	at com.elsevier.usage.apitests.stepdefinitions.ReportDefinition.selectEnvironment(ReportDefinition.java:39)
	at ✽.I select the environment on which the execution is to be processed(file:///Users/sistum/usage-projects/restassuredpractice/src/test/java/com/elsevier/usage/apitests/features/dr_d1andpr_p1Report.feature:4)

Submitting get request for pr_p1 json formatted end point and validating expected output data is matching with actual data for a scenario:pr_p1_ev_json.json(Perform functional testing around the actual contents of the reports that the service generates.)  Time elapsed: 0.017 sec  <<< ERROR!
java.lang.NullPointerException
	at com.elsevier.usage.apitests.stepdefinitions.ReportDefinition.selectEnvironment(ReportDefinition.java:39)
	at ✽.I select the environment on which the execution is to be processed(file:///Users/sistum/usage-projects/restassuredpractice/src/test/java/com/elsevier/usage/apitests/features/dr_d1andpr_p1Report.feature:4)

Submitting get request for pr_p1 json formatted end point and validating expected output data is matching with actual data for a scenario:pr_p1_sd_json.json(Perform functional testing around the actual contents of the reports that the service generates.)  Time elapsed: 0.004 sec  <<< ERROR!
java.lang.NullPointerException
	at com.elsevier.usage.apitests.stepdefinitions.ReportDefinition.selectEnvironment(ReportDefinition.java:39)
	at ✽.I select the environment on which the execution is to be processed(file:///Users/sistum/usage-projects/restassuredpractice/src/test/java/com/elsevier/usage/apitests/features/dr_d1andpr_p1Report.feature:4)

Submitting get request for dr_d1 json formatted end point and validating expected output data is matching with actual data for a scenario:dr_d1_ev_csv.csv(Perform functional testing around the actual contents of the reports that the service generates.)  Time elapsed: 0.005 sec  <<< ERROR!
java.lang.NullPointerException
	at com.elsevier.usage.apitests.stepdefinitions.ReportDefinition.selectEnvironment(ReportDefinition.java:39)
	at ✽.I select the environment on which the execution is to be processed(file:///Users/sistum/usage-projects/restassuredpractice/src/test/java/com/elsevier/usage/apitests/features/dr_d1andpr_p1Report.feature:4)

Submitting get request for dr_d1 json formatted end point and validating expected output data is matching with actual data for a scenario:dr_d1_sc_csv.csv(Perform functional testing around the actual contents of the reports that the service generates.)  Time elapsed: 0.004 sec  <<< ERROR!
java.lang.NullPointerException
	at com.elsevier.usage.apitests.stepdefinitions.ReportDefinition.selectEnvironment(ReportDefinition.java:39)
	at ✽.I select the environment on which the execution is to be processed(file:///Users/sistum/usage-projects/restassuredpractice/src/test/java/com/elsevier/usage/apitests/features/dr_d1andpr_p1Report.feature:4)

Submitting get request for pr_p1 json formatted end point and validating expected output data is matching with actual data for a scenario:pr_p1_sc_csv.csv(Perform functional testing around the actual contents of the reports that the service generates.)  Time elapsed: 0.005 sec  <<< ERROR!
java.lang.NullPointerException
	at com.elsevier.usage.apitests.stepdefinitions.ReportDefinition.selectEnvironment(ReportDefinition.java:39)
	at ✽.I select the environment on which the execution is to be processed(file:///Users/sistum/usage-projects/restassuredpractice/src/test/java/com/elsevier/usage/apitests/features/dr_d1andpr_p1Report.feature:4)

Submitting get request for pr_p1 json formatted end point and validating expected output data is matching with actual data for a scenario:pr_p1_ev_csv.csv(Perform functional testing around the actual contents of the reports that the service generates.)  Time elapsed: 0.004 sec  <<< ERROR!
java.lang.NullPointerException
	at com.elsevier.usage.apitests.stepdefinitions.ReportDefinition.selectEnvironment(ReportDefinition.java:39)
	at ✽.I select the environment on which the execution is to be processed(file:///Users/sistum/usage-projects/restassuredpractice/src/test/java/com/elsevier/usage/apitests/features/dr_d1andpr_p1Report.feature:4)

Submitting get request for pr_p1 json formatted end point and validating expected output data is matching with actual data for a scenario:pr_p1_sd_csv.csv(Perform functional testing around the actual contents of the reports that the service generates.)  Time elapsed: 0.004 sec  <<< ERROR!
java.lang.NullPointerException
	at com.elsevier.usage.apitests.stepdefinitions.ReportDefinition.selectEnvironment(ReportDefinition.java:39)
	at ✽.I select the environment on which the execution is to be processed(file:///Users/sistum/usage-projects/restassuredpractice/src/test/java/com/elsevier/usage/apitests/features/dr_d1andpr_p1Report.feature:4)

Submitting get request for dr_d1 json formatted end point and validating expected output data is matching with actual data for a scenario:dr_d1_ev_tsv.tsv(Perform functional testing around the actual contents of the reports that the service generates.)  Time elapsed: 0.008 sec  <<< ERROR!
java.lang.NullPointerException
	at com.elsevier.usage.apitests.stepdefinitions.ReportDefinition.selectEnvironment(ReportDefinition.java:39)
	at ✽.I select the environment on which the execution is to be processed(file:///Users/sistum/usage-projects/restassuredpractice/src/test/java/com/elsevier/usage/apitests/features/dr_d1andpr_p1Report.feature:4)

Submitting get request for dr_d1 json formatted end point and validating expected output data is matching with actual data for a scenario:dr_d1_sc_tsv.tsv(Perform functional testing around the actual contents of the reports that the service generates.)  Time elapsed: 0.005 sec  <<< ERROR!
java.lang.NullPointerException
	at com.elsevier.usage.apitests.stepdefinitions.ReportDefinition.selectEnvironment(ReportDefinition.java:39)
	at ✽.I select the environment on which the execution is to be processed(file:///Users/sistum/usage-projects/restassuredpractice/src/test/java/com/elsevier/usage/apitests/features/dr_d1andpr_p1Report.feature:4)

Submitting get request for pr_p1 json formatted end point and validating expected output data is matching with actual data for a scenario:pr_p1_sc_tsv.tsv(Perform functional testing around the actual contents of the reports that the service generates.)  Time elapsed: 0.004 sec  <<< ERROR!
java.lang.NullPointerException
	at com.elsevier.usage.apitests.stepdefinitions.ReportDefinition.selectEnvironment(ReportDefinition.java:39)
	at ✽.I select the environment on which the execution is to be processed(file:///Users/sistum/usage-projects/restassuredpractice/src/test/java/com/elsevier/usage/apitests/features/dr_d1andpr_p1Report.feature:4)

Submitting get request for pr_p1 json formatted end point and validating expected output data is matching with actual data for a scenario:pr_p1_ev_tsv.tsv(Perform functional testing around the actual contents of the reports that the service generates.)  Time elapsed: 0.004 sec  <<< ERROR!
java.lang.NullPointerException
	at com.elsevier.usage.apitests.stepdefinitions.ReportDefinition.selectEnvironment(ReportDefinition.java:39)
	at ✽.I select the environment on which the execution is to be processed(file:///Users/sistum/usage-projects/restassuredpractice/src/test/java/com/elsevier/usage/apitests/features/dr_d1andpr_p1Report.feature:4)

Submitting get request for pr_p1 json formatted end point and validating expected output data is matching with actual data for a scenario:pr_p1_sd_tsv.tsv(Perform functional testing around the actual contents of the reports that the service generates.)  Time elapsed: 0.005 sec  <<< ERROR!
java.lang.NullPointerException
	at com.elsevier.usage.apitests.stepdefinitions.ReportDefinition.selectEnvironment(ReportDefinition.java:39)
	at ✽.I select the environment on which the execution is to be processed(file:///Users/sistum/usage-projects/restassuredpractice/src/test/java/com/elsevier/usage/apitests/features/dr_d1andpr_p1Report.feature:4)

