<?xml version="1.0" encoding="UTF-8" ?>
<testsuite tests="15" failures="0" name="com.elsevier.usage.apitests.cucumberoptions.TestRunner" time="0.265" errors="15" skipped="0">
  <properties>
[...]
</properties>
  <testcase classname="Perform functional testing around the actual contents of the reports that the service generates." name="Submitting get request for dr_d1 json formatted end point and validating expected output data is matching with actual data for a scenario:dr_d1_ev_json.json" time="0.181">
    <error type="java.lang.NullPointerException">java.lang.NullPointerException
	at com.elsevier.usage.apitests.stepdefinitions.ReportDefinition.selectEnvironment(ReportDefinition.java:39)
	at ✽.I select the environment on which the execution is to be processed(file:///Users/sistum/usage-projects/restassuredpractice/src/test/java/com/elsevier/usage/apitests/features/dr_d1andpr_p1Report.feature:4)
</error>
    <system-out>
@integration-tests
Scenario Outline: Submitting get request for dr_d1 json formatted end point and validating expected output data is matching with actual data for a scenario:dr_d1_ev_json.json   &amp;#27;[90m# src/test/java/com/elsevier/usage/apitests/features/dr_d1andpr_p1Report.feature:13&amp;#27;[0m
  &amp;#27;[31mGiven &amp;#27;[0m&amp;#27;[31mI select the environment on which the execution is to be processed&amp;#27;[0m                                                                                                       &amp;#27;[90m# com.elsevier.usage.apitests.stepdefinitions.ReportDefinition.selectEnvironment()&amp;#27;[0m
      &amp;#27;[31mjava.lang.NullPointerException
	at com.elsevier.usage.apitests.stepdefinitions.ReportDefinition.selectEnvironment(ReportDefinition.java:39)
	at ✽.I select the environment on which the execution is to be processed(file:///Users/sistum/usage-projects/restassuredpractice/src/test/java/com/elsevier/usage/apitests/features/dr_d1andpr_p1Report.feature:4)
&amp;#27;[0m
  &amp;#27;[36mAnd &amp;#27;[0m&amp;#27;[36mI submit a get request with the required request parameters such as &amp;#27;[0m&amp;#27;[36m&amp;#27;[1mC000036298&amp;#27;[0m&amp;#27;[36m,&amp;#27;[0m&amp;#27;[36m&amp;#27;[1mcounter&amp;#27;[0m&amp;#27;[36m,&amp;#27;[0m&amp;#27;[36m&amp;#27;[1m2017-01-01&amp;#27;[0m&amp;#27;[36m,&amp;#27;[0m&amp;#27;[36m&amp;#27;[1m2017-12-31&amp;#27;[0m&amp;#27;[36m,&amp;#27;[0m&amp;#27;[36m&amp;#27;[1mev&amp;#27;[0m&amp;#27;[36m and &amp;#27;[0m&amp;#27;[36m&amp;#27;[1mjson&amp;#27;[0m                                                   &amp;#27;[90m# com.elsevier.usage.apitests.stepdefinitions.ReportDefinition.submitRequest(java.lang.String,java.lang.String,java.lang.String,java.lang.String,java.lang.String,java.lang.String)&amp;#27;[0m
  &amp;#27;[36mAnd &amp;#27;[0m&amp;#27;[36mI provide the service url &amp;#27;[0m&amp;#27;[36m&amp;#27;[1mdr_d1&amp;#27;[0m&amp;#27;[36m and wait until response is 200&amp;#27;[0m                                                                                                             &amp;#27;[90m# com.elsevier.usage.apitests.stepdefinitions.ReportDefinition.serviceURLandLimit(java.lang.String)&amp;#27;[0m
  &amp;#27;[36mThen &amp;#27;[0m&amp;#27;[36mI compare the actual json output sent by the service with expected json output file present in expected-content directory &quot;&amp;#27;[0m&amp;#27;[36m&amp;#27;[1msrc/test/expected-content/dr_d1_ev_json.json&amp;#27;[0m&amp;#27;[36m&quot;.&amp;#27;[0m &amp;#27;[90m# com.elsevier.usage.apitests.stepdefinitions.ReportDefinition.iCompareJsonFiles(java.lang.String)&amp;#27;[0m
</system-out>
  </testcase>
  <testcase classname="Perform functional testing around the actual contents of the reports that the service generates." name="Submitting get request for dr_d1 json formatted end point and validating expected output data is matching with actual data for a scenario:dr_d1_sc_json.json" time="0.007">
    <error type="java.lang.NullPointerException">java.lang.NullPointerException
	at com.elsevier.usage.apitests.stepdefinitions.ReportDefinition.selectEnvironment(ReportDefinition.java:39)
	at ✽.I select the environment on which the execution is to be processed(file:///Users/sistum/usage-projects/restassuredpractice/src/test/java/com/elsevier/usage/apitests/features/dr_d1andpr_p1Report.feature:4)
</error>
    <system-out>
@integration-tests
Scenario Outline: Submitting get request for dr_d1 json formatted end point and validating expected output data is matching with actual data for a scenario:dr_d1_sc_json.json   &amp;#27;[90m# src/test/java/com/elsevier/usage/apitests/features/dr_d1andpr_p1Report.feature:14&amp;#27;[0m
  &amp;#27;[31mGiven &amp;#27;[0m&amp;#27;[31mI select the environment on which the execution is to be processed&amp;#27;[0m                                                                                                       &amp;#27;[90m# com.elsevier.usage.apitests.stepdefinitions.ReportDefinition.selectEnvironment()&amp;#27;[0m
      &amp;#27;[31mjava.lang.NullPointerException
	at com.elsevier.usage.apitests.stepdefinitions.ReportDefinition.selectEnvironment(ReportDefinition.java:39)
	at ✽.I select the environment on which the execution is to be processed(file:///Users/sistum/usage-projects/restassuredpractice/src/test/java/com/elsevier/usage/apitests/features/dr_d1andpr_p1Report.feature:4)
&amp;#27;[0m
  &amp;#27;[36mAnd &amp;#27;[0m&amp;#27;[36mI submit a get request with the required request parameters such as &amp;#27;[0m&amp;#27;[36m&amp;#27;[1mC000036298&amp;#27;[0m&amp;#27;[36m,&amp;#27;[0m&amp;#27;[36m&amp;#27;[1mcounter&amp;#27;[0m&amp;#27;[36m,&amp;#27;[0m&amp;#27;[36m&amp;#27;[1m2016-01-01&amp;#27;[0m&amp;#27;[36m,&amp;#27;[0m&amp;#27;[36m&amp;#27;[1m2016-12-31&amp;#27;[0m&amp;#27;[36m,&amp;#27;[0m&amp;#27;[36m&amp;#27;[1msc&amp;#27;[0m&amp;#27;[36m and &amp;#27;[0m&amp;#27;[36m&amp;#27;[1mjson&amp;#27;[0m                                                   &amp;#27;[90m# com.elsevier.usage.apitests.stepdefinitions.ReportDefinition.submitRequest(java.lang.String,java.lang.String,java.lang.String,java.lang.String,java.lang.String,java.lang.String)&amp;#27;[0m
  &amp;#27;[36mAnd &amp;#27;[0m&amp;#27;[36mI provide the service url &amp;#27;[0m&amp;#27;[36m&amp;#27;[1mdr_d1&amp;#27;[0m&amp;#27;[36m and wait until response is 200&amp;#27;[0m                                                                                                             &amp;#27;[90m# com.elsevier.usage.apitests.stepdefinitions.ReportDefinition.serviceURLandLimit(java.lang.String)&amp;#27;[0m
  &amp;#27;[36mThen &amp;#27;[0m&amp;#27;[36mI compare the actual json output sent by the service with expected json output file present in expected-content directory &quot;&amp;#27;[0m&amp;#27;[36m&amp;#27;[1msrc/test/expected-content/dr_d1_sc_json.json&amp;#27;[0m&amp;#27;[36m&quot;.&amp;#27;[0m &amp;#27;[90m# com.elsevier.usage.apitests.stepdefinitions.ReportDefinition.iCompareJsonFiles(java.lang.String)&amp;#27;[0m
</system-out>
  </testcase>
  <testcase classname="Perform functional testing around the actual contents of the reports that the service generates." name="Submitting get request for pr_p1 json formatted end point and validating expected output data is matching with actual data for a scenario:pr_p1_sc_json.json" time="0.008">
    <error type="java.lang.NullPointerException">java.lang.NullPointerException
	at com.elsevier.usage.apitests.stepdefinitions.ReportDefinition.selectEnvironment(ReportDefinition.java:39)
	at ✽.I select the environment on which the execution is to be processed(file:///Users/sistum/usage-projects/restassuredpractice/src/test/java/com/elsevier/usage/apitests/features/dr_d1andpr_p1Report.feature:4)
</error>
    <system-out>
@integration-tests
Scenario Outline: Submitting get request for pr_p1 json formatted end point and validating expected output data is matching with actual data for a scenario:pr_p1_sc_json.json   &amp;#27;[90m# src/test/java/com/elsevier/usage/apitests/features/dr_d1andpr_p1Report.feature:15&amp;#27;[0m
  &amp;#27;[31mGiven &amp;#27;[0m&amp;#27;[31mI select the environment on which the execution is to be processed&amp;#27;[0m                                                                                                       &amp;#27;[90m# com.elsevier.usage.apitests.stepdefinitions.ReportDefinition.selectEnvironment()&amp;#27;[0m
      &amp;#27;[31mjava.lang.NullPointerException
	at com.elsevier.usage.apitests.stepdefinitions.ReportDefinition.selectEnvironment(ReportDefinition.java:39)
	at ✽.I select the environment on which the execution is to be processed(file:///Users/sistum/usage-projects/restassuredpractice/src/test/java/com/elsevier/usage/apitests/features/dr_d1andpr_p1Report.feature:4)
&amp;#27;[0m
  &amp;#27;[36mAnd &amp;#27;[0m&amp;#27;[36mI submit a get request with the required request parameters such as &amp;#27;[0m&amp;#27;[36m&amp;#27;[1mC000036298&amp;#27;[0m&amp;#27;[36m,&amp;#27;[0m&amp;#27;[36m&amp;#27;[1mcounter&amp;#27;[0m&amp;#27;[36m,&amp;#27;[0m&amp;#27;[36m&amp;#27;[1m2016-01-01&amp;#27;[0m&amp;#27;[36m,&amp;#27;[0m&amp;#27;[36m&amp;#27;[1m2016-12-31&amp;#27;[0m&amp;#27;[36m,&amp;#27;[0m&amp;#27;[36m&amp;#27;[1msc&amp;#27;[0m&amp;#27;[36m and &amp;#27;[0m&amp;#27;[36m&amp;#27;[1mjson&amp;#27;[0m                                                   &amp;#27;[90m# com.elsevier.usage.apitests.stepdefinitions.ReportDefinition.submitRequest(java.lang.String,java.lang.String,java.lang.String,java.lang.String,java.lang.String,java.lang.String)&amp;#27;[0m
  &amp;#27;[36mAnd &amp;#27;[0m&amp;#27;[36mI provide the service url &amp;#27;[0m&amp;#27;[36m&amp;#27;[1mpr_p1&amp;#27;[0m&amp;#27;[36m and wait until response is 200&amp;#27;[0m                                                                                                             &amp;#27;[90m# com.elsevier.usage.apitests.stepdefinitions.ReportDefinition.serviceURLandLimit(java.lang.String)&amp;#27;[0m
  &amp;#27;[36mThen &amp;#27;[0m&amp;#27;[36mI compare the actual json output sent by the service with expected json output file present in expected-content directory &quot;&amp;#27;[0m&amp;#27;[36m&amp;#27;[1msrc/test/expected-content/pr_p1_sc_json.json&amp;#27;[0m&amp;#27;[36m&quot;.&amp;#27;[0m &amp;#27;[90m# com.elsevier.usage.apitests.stepdefinitions.ReportDefinition.iCompareJsonFiles(java.lang.String)&amp;#27;[0m
</system-out>
  </testcase>
  <testcase classname="Perform functional testing around the actual contents of the reports that the service generates." name="Submitting get request for pr_p1 json formatted end point and validating expected output data is matching with actual data for a scenario:pr_p1_ev_json.json" time="0.017">
    <error type="java.lang.NullPointerException">java.lang.NullPointerException
	at com.elsevier.usage.apitests.stepdefinitions.ReportDefinition.selectEnvironment(ReportDefinition.java:39)
	at ✽.I select the environment on which the execution is to be processed(file:///Users/sistum/usage-projects/restassuredpractice/src/test/java/com/elsevier/usage/apitests/features/dr_d1andpr_p1Report.feature:4)
</error>
    <system-out>
@integration-tests
Scenario Outline: Submitting get request for pr_p1 json formatted end point and validating expected output data is matching with actual data for a scenario:pr_p1_ev_json.json   &amp;#27;[90m# src/test/java/com/elsevier/usage/apitests/features/dr_d1andpr_p1Report.feature:16&amp;#27;[0m
  &amp;#27;[31mGiven &amp;#27;[0m&amp;#27;[31mI select the environment on which the execution is to be processed&amp;#27;[0m                                                                                                       &amp;#27;[90m# com.elsevier.usage.apitests.stepdefinitions.ReportDefinition.selectEnvironment()&amp;#27;[0m
      &amp;#27;[31mjava.lang.NullPointerException
	at com.elsevier.usage.apitests.stepdefinitions.ReportDefinition.selectEnvironment(ReportDefinition.java:39)
	at ✽.I select the environment on which the execution is to be processed(file:///Users/sistum/usage-projects/restassuredpractice/src/test/java/com/elsevier/usage/apitests/features/dr_d1andpr_p1Report.feature:4)
&amp;#27;[0m
  &amp;#27;[36mAnd &amp;#27;[0m&amp;#27;[36mI submit a get request with the required request parameters such as &amp;#27;[0m&amp;#27;[36m&amp;#27;[1mC000036298&amp;#27;[0m&amp;#27;[36m,&amp;#27;[0m&amp;#27;[36m&amp;#27;[1mcounter&amp;#27;[0m&amp;#27;[36m,&amp;#27;[0m&amp;#27;[36m&amp;#27;[1m2016-01-01&amp;#27;[0m&amp;#27;[36m,&amp;#27;[0m&amp;#27;[36m&amp;#27;[1m2016-12-31&amp;#27;[0m&amp;#27;[36m,&amp;#27;[0m&amp;#27;[36m&amp;#27;[1mev&amp;#27;[0m&amp;#27;[36m and &amp;#27;[0m&amp;#27;[36m&amp;#27;[1mjson&amp;#27;[0m                                                   &amp;#27;[90m# com.elsevier.usage.apitests.stepdefinitions.ReportDefinition.submitRequest(java.lang.String,java.lang.String,java.lang.String,java.lang.String,java.lang.String,java.lang.String)&amp;#27;[0m
  &amp;#27;[36mAnd &amp;#27;[0m&amp;#27;[36mI provide the service url &amp;#27;[0m&amp;#27;[36m&amp;#27;[1mpr_p1&amp;#27;[0m&amp;#27;[36m and wait until response is 200&amp;#27;[0m                                                                                                             &amp;#27;[90m# com.elsevier.usage.apitests.stepdefinitions.ReportDefinition.serviceURLandLimit(java.lang.String)&amp;#27;[0m
  &amp;#27;[36mThen &amp;#27;[0m&amp;#27;[36mI compare the actual json output sent by the service with expected json output file present in expected-content directory &quot;&amp;#27;[0m&amp;#27;[36m&amp;#27;[1msrc/test/expected-content/pr_p1_ev_json.json&amp;#27;[0m&amp;#27;[36m&quot;.&amp;#27;[0m &amp;#27;[90m# com.elsevier.usage.apitests.stepdefinitions.ReportDefinition.iCompareJsonFiles(java.lang.String)&amp;#27;[0m
</system-out>
  </testcase>
  <testcase classname="Perform functional testing around the actual contents of the reports that the service generates." name="Submitting get request for pr_p1 json formatted end point and validating expected output data is matching with actual data for a scenario:pr_p1_sd_json.json" time="0.004">
    <error type="java.lang.NullPointerException">java.lang.NullPointerException
	at com.elsevier.usage.apitests.stepdefinitions.ReportDefinition.selectEnvironment(ReportDefinition.java:39)
	at ✽.I select the environment on which the execution is to be processed(file:///Users/sistum/usage-projects/restassuredpractice/src/test/java/com/elsevier/usage/apitests/features/dr_d1andpr_p1Report.feature:4)
</error>
    <system-out>
@integration-tests
Scenario Outline: Submitting get request for pr_p1 json formatted end point and validating expected output data is matching with actual data for a scenario:pr_p1_sd_json.json   &amp;#27;[90m# src/test/java/com/elsevier/usage/apitests/features/dr_d1andpr_p1Report.feature:17&amp;#27;[0m
  &amp;#27;[31mGiven &amp;#27;[0m&amp;#27;[31mI select the environment on which the execution is to be processed&amp;#27;[0m                                                                                                       &amp;#27;[90m# com.elsevier.usage.apitests.stepdefinitions.ReportDefinition.selectEnvironment()&amp;#27;[0m
      &amp;#27;[31mjava.lang.NullPointerException
	at com.elsevier.usage.apitests.stepdefinitions.ReportDefinition.selectEnvironment(ReportDefinition.java:39)
	at ✽.I select the environment on which the execution is to be processed(file:///Users/sistum/usage-projects/restassuredpractice/src/test/java/com/elsevier/usage/apitests/features/dr_d1andpr_p1Report.feature:4)
&amp;#27;[0m
  &amp;#27;[36mAnd &amp;#27;[0m&amp;#27;[36mI submit a get request with the required request parameters such as &amp;#27;[0m&amp;#27;[36m&amp;#27;[1mS000000002&amp;#27;[0m&amp;#27;[36m,&amp;#27;[0m&amp;#27;[36m&amp;#27;[1mcounter&amp;#27;[0m&amp;#27;[36m,&amp;#27;[0m&amp;#27;[36m&amp;#27;[1m2016-01-01&amp;#27;[0m&amp;#27;[36m,&amp;#27;[0m&amp;#27;[36m&amp;#27;[1m2016-12-31&amp;#27;[0m&amp;#27;[36m,&amp;#27;[0m&amp;#27;[36m&amp;#27;[1msd&amp;#27;[0m&amp;#27;[36m and &amp;#27;[0m&amp;#27;[36m&amp;#27;[1mjson&amp;#27;[0m                                                   &amp;#27;[90m# com.elsevier.usage.apitests.stepdefinitions.ReportDefinition.submitRequest(java.lang.String,java.lang.String,java.lang.String,java.lang.String,java.lang.String,java.lang.String)&amp;#27;[0m
  &amp;#27;[36mAnd &amp;#27;[0m&amp;#27;[36mI provide the service url &amp;#27;[0m&amp;#27;[36m&amp;#27;[1mpr_p1&amp;#27;[0m&amp;#27;[36m and wait until response is 200&amp;#27;[0m                                                                                                             &amp;#27;[90m# com.elsevier.usage.apitests.stepdefinitions.ReportDefinition.serviceURLandLimit(java.lang.String)&amp;#27;[0m
  &amp;#27;[36mThen &amp;#27;[0m&amp;#27;[36mI compare the actual json output sent by the service with expected json output file present in expected-content directory &quot;&amp;#27;[0m&amp;#27;[36m&amp;#27;[1msrc/test/expected-content/pr_p1_sd_json.json&amp;#27;[0m&amp;#27;[36m&quot;.&amp;#27;[0m &amp;#27;[90m# com.elsevier.usage.apitests.stepdefinitions.ReportDefinition.iCompareJsonFiles(java.lang.String)&amp;#27;[0m
</system-out>
  </testcase>
  <testcase classname="Perform functional testing around the actual contents of the reports that the service generates." name="Submitting get request for dr_d1 json formatted end point and validating expected output data is matching with actual data for a scenario:dr_d1_ev_csv.csv" time="0.005">
    <error type="java.lang.NullPointerException">java.lang.NullPointerException
	at com.elsevier.usage.apitests.stepdefinitions.ReportDefinition.selectEnvironment(ReportDefinition.java:39)
	at ✽.I select the environment on which the execution is to be processed(file:///Users/sistum/usage-projects/restassuredpractice/src/test/java/com/elsevier/usage/apitests/features/dr_d1andpr_p1Report.feature:4)
</error>
    <system-out>
@integration-tests
Scenario Outline: Submitting get request for dr_d1 json formatted end point and validating expected output data is matching with actual data for a scenario:dr_d1_ev_csv.csv &amp;#27;[90m# src/test/java/com/elsevier/usage/apitests/features/dr_d1andpr_p1Report.feature:27&amp;#27;[0m
  &amp;#27;[31mGiven &amp;#27;[0m&amp;#27;[31mI select the environment on which the execution is to be processed&amp;#27;[0m                                                                                                   &amp;#27;[90m# com.elsevier.usage.apitests.stepdefinitions.ReportDefinition.selectEnvironment()&amp;#27;[0m
      &amp;#27;[31mjava.lang.NullPointerException
	at com.elsevier.usage.apitests.stepdefinitions.ReportDefinition.selectEnvironment(ReportDefinition.java:39)
	at ✽.I select the environment on which the execution is to be processed(file:///Users/sistum/usage-projects/restassuredpractice/src/test/java/com/elsevier/usage/apitests/features/dr_d1andpr_p1Report.feature:4)
&amp;#27;[0m
  &amp;#27;[36mAnd &amp;#27;[0m&amp;#27;[36mI submit a get request with the required request parameters such as &amp;#27;[0m&amp;#27;[36m&amp;#27;[1mC000036298&amp;#27;[0m&amp;#27;[36m,&amp;#27;[0m&amp;#27;[36m&amp;#27;[1mcounter&amp;#27;[0m&amp;#27;[36m,&amp;#27;[0m&amp;#27;[36m&amp;#27;[1m2016-01-01&amp;#27;[0m&amp;#27;[36m,&amp;#27;[0m&amp;#27;[36m&amp;#27;[1m2016-12-31&amp;#27;[0m&amp;#27;[36m,&amp;#27;[0m&amp;#27;[36m&amp;#27;[1mev&amp;#27;[0m&amp;#27;[36m and &amp;#27;[0m&amp;#27;[36m&amp;#27;[1mcsv&amp;#27;[0m                                                &amp;#27;[90m# com.elsevier.usage.apitests.stepdefinitions.ReportDefinition.submitRequest(java.lang.String,java.lang.String,java.lang.String,java.lang.String,java.lang.String,java.lang.String)&amp;#27;[0m
  &amp;#27;[36mAnd &amp;#27;[0m&amp;#27;[36mI provide the service url &amp;#27;[0m&amp;#27;[36m&amp;#27;[1mdr_d1&amp;#27;[0m&amp;#27;[36m and wait until response is 200&amp;#27;[0m                                                                                                         &amp;#27;[90m# com.elsevier.usage.apitests.stepdefinitions.ReportDefinition.serviceURLandLimit(java.lang.String)&amp;#27;[0m
  &amp;#27;[36mThen &amp;#27;[0m&amp;#27;[36mI compare the actual CSV output sent by the service with expected CSV output file present in expected-content directory &amp;#27;[0m&amp;#27;[36m&amp;#27;[1m&quot;src/test/expected-content/dr_d1_ev_csv.csv&quot;&amp;#27;[0m&amp;#27;[36m.&amp;#27;[0m &amp;#27;[90m# com.elsevier.usage.apitests.stepdefinitions.ReportDefinition.iCompareCSVFiles(java.lang.String)&amp;#27;[0m
</system-out>
  </testcase>
  <testcase classname="Perform functional testing around the actual contents of the reports that the service generates." name="Submitting get request for dr_d1 json formatted end point and validating expected output data is matching with actual data for a scenario:dr_d1_sc_csv.csv" time="0.004">
    <error type="java.lang.NullPointerException">java.lang.NullPointerException
	at com.elsevier.usage.apitests.stepdefinitions.ReportDefinition.selectEnvironment(ReportDefinition.java:39)
	at ✽.I select the environment on which the execution is to be processed(file:///Users/sistum/usage-projects/restassuredpractice/src/test/java/com/elsevier/usage/apitests/features/dr_d1andpr_p1Report.feature:4)
</error>
    <system-out>
@integration-tests
Scenario Outline: Submitting get request for dr_d1 json formatted end point and validating expected output data is matching with actual data for a scenario:dr_d1_sc_csv.csv &amp;#27;[90m# src/test/java/com/elsevier/usage/apitests/features/dr_d1andpr_p1Report.feature:28&amp;#27;[0m
  &amp;#27;[31mGiven &amp;#27;[0m&amp;#27;[31mI select the environment on which the execution is to be processed&amp;#27;[0m                                                                                                   &amp;#27;[90m# com.elsevier.usage.apitests.stepdefinitions.ReportDefinition.selectEnvironment()&amp;#27;[0m
      &amp;#27;[31mjava.lang.NullPointerException
	at com.elsevier.usage.apitests.stepdefinitions.ReportDefinition.selectEnvironment(ReportDefinition.java:39)
	at ✽.I select the environment on which the execution is to be processed(file:///Users/sistum/usage-projects/restassuredpractice/src/test/java/com/elsevier/usage/apitests/features/dr_d1andpr_p1Report.feature:4)
&amp;#27;[0m
  &amp;#27;[36mAnd &amp;#27;[0m&amp;#27;[36mI submit a get request with the required request parameters such as &amp;#27;[0m&amp;#27;[36m&amp;#27;[1mC000036298&amp;#27;[0m&amp;#27;[36m,&amp;#27;[0m&amp;#27;[36m&amp;#27;[1mcounter&amp;#27;[0m&amp;#27;[36m,&amp;#27;[0m&amp;#27;[36m&amp;#27;[1m2016-01-01&amp;#27;[0m&amp;#27;[36m,&amp;#27;[0m&amp;#27;[36m&amp;#27;[1m2016-12-31&amp;#27;[0m&amp;#27;[36m,&amp;#27;[0m&amp;#27;[36m&amp;#27;[1msc&amp;#27;[0m&amp;#27;[36m and &amp;#27;[0m&amp;#27;[36m&amp;#27;[1mcsv&amp;#27;[0m                                                &amp;#27;[90m# com.elsevier.usage.apitests.stepdefinitions.ReportDefinition.submitRequest(java.lang.String,java.lang.String,java.lang.String,java.lang.String,java.lang.String,java.lang.String)&amp;#27;[0m
  &amp;#27;[36mAnd &amp;#27;[0m&amp;#27;[36mI provide the service url &amp;#27;[0m&amp;#27;[36m&amp;#27;[1mdr_d1&amp;#27;[0m&amp;#27;[36m and wait until response is 200&amp;#27;[0m                                                                                                         &amp;#27;[90m# com.elsevier.usage.apitests.stepdefinitions.ReportDefinition.serviceURLandLimit(java.lang.String)&amp;#27;[0m
  &amp;#27;[36mThen &amp;#27;[0m&amp;#27;[36mI compare the actual CSV output sent by the service with expected CSV output file present in expected-content directory &amp;#27;[0m&amp;#27;[36m&amp;#27;[1m&quot;src/test/expected-content/dr_d1_sc_csv.csv&quot;&amp;#27;[0m&amp;#27;[36m.&amp;#27;[0m &amp;#27;[90m# com.elsevier.usage.apitests.stepdefinitions.ReportDefinition.iCompareCSVFiles(java.lang.String)&amp;#27;[0m
</system-out>
  </testcase>
  <testcase classname="Perform functional testing around the actual contents of the reports that the service generates." name="Submitting get request for pr_p1 json formatted end point and validating expected output data is matching with actual data for a scenario:pr_p1_sc_csv.csv" time="0.005">
    <error type="java.lang.NullPointerException">java.lang.NullPointerException
	at com.elsevier.usage.apitests.stepdefinitions.ReportDefinition.selectEnvironment(ReportDefinition.java:39)
	at ✽.I select the environment on which the execution is to be processed(file:///Users/sistum/usage-projects/restassuredpractice/src/test/java/com/elsevier/usage/apitests/features/dr_d1andpr_p1Report.feature:4)
</error>
    <system-out>
@integration-tests
Scenario Outline: Submitting get request for pr_p1 json formatted end point and validating expected output data is matching with actual data for a scenario:pr_p1_sc_csv.csv &amp;#27;[90m# src/test/java/com/elsevier/usage/apitests/features/dr_d1andpr_p1Report.feature:29&amp;#27;[0m
  &amp;#27;[31mGiven &amp;#27;[0m&amp;#27;[31mI select the environment on which the execution is to be processed&amp;#27;[0m                                                                                                   &amp;#27;[90m# com.elsevier.usage.apitests.stepdefinitions.ReportDefinition.selectEnvironment()&amp;#27;[0m
      &amp;#27;[31mjava.lang.NullPointerException
	at com.elsevier.usage.apitests.stepdefinitions.ReportDefinition.selectEnvironment(ReportDefinition.java:39)
	at ✽.I select the environment on which the execution is to be processed(file:///Users/sistum/usage-projects/restassuredpractice/src/test/java/com/elsevier/usage/apitests/features/dr_d1andpr_p1Report.feature:4)
&amp;#27;[0m
  &amp;#27;[36mAnd &amp;#27;[0m&amp;#27;[36mI submit a get request with the required request parameters such as &amp;#27;[0m&amp;#27;[36m&amp;#27;[1mC000036298&amp;#27;[0m&amp;#27;[36m,&amp;#27;[0m&amp;#27;[36m&amp;#27;[1mcounter&amp;#27;[0m&amp;#27;[36m,&amp;#27;[0m&amp;#27;[36m&amp;#27;[1m2016-01-01&amp;#27;[0m&amp;#27;[36m,&amp;#27;[0m&amp;#27;[36m&amp;#27;[1m2016-12-31&amp;#27;[0m&amp;#27;[36m,&amp;#27;[0m&amp;#27;[36m&amp;#27;[1msc&amp;#27;[0m&amp;#27;[36m and &amp;#27;[0m&amp;#27;[36m&amp;#27;[1mcsv&amp;#27;[0m                                                &amp;#27;[90m# com.elsevier.usage.apitests.stepdefinitions.ReportDefinition.submitRequest(java.lang.String,java.lang.String,java.lang.String,java.lang.String,java.lang.String,java.lang.String)&amp;#27;[0m
  &amp;#27;[36mAnd &amp;#27;[0m&amp;#27;[36mI provide the service url &amp;#27;[0m&amp;#27;[36m&amp;#27;[1mpr_p1&amp;#27;[0m&amp;#27;[36m and wait until response is 200&amp;#27;[0m                                                                                                         &amp;#27;[90m# com.elsevier.usage.apitests.stepdefinitions.ReportDefinition.serviceURLandLimit(java.lang.String)&amp;#27;[0m
  &amp;#27;[36mThen &amp;#27;[0m&amp;#27;[36mI compare the actual CSV output sent by the service with expected CSV output file present in expected-content directory &amp;#27;[0m&amp;#27;[36m&amp;#27;[1m&quot;src/test/expected-content/pr_p1_sc_csv.csv&quot;&amp;#27;[0m&amp;#27;[36m.&amp;#27;[0m &amp;#27;[90m# com.elsevier.usage.apitests.stepdefinitions.ReportDefinition.iCompareCSVFiles(java.lang.String)&amp;#27;[0m
</system-out>
  </testcase>
  <testcase classname="Perform functional testing around the actual contents of the reports that the service generates." name="Submitting get request for pr_p1 json formatted end point and validating expected output data is matching with actual data for a scenario:pr_p1_ev_csv.csv" time="0.004">
    <error type="java.lang.NullPointerException">java.lang.NullPointerException
	at com.elsevier.usage.apitests.stepdefinitions.ReportDefinition.selectEnvironment(ReportDefinition.java:39)
	at ✽.I select the environment on which the execution is to be processed(file:///Users/sistum/usage-projects/restassuredpractice/src/test/java/com/elsevier/usage/apitests/features/dr_d1andpr_p1Report.feature:4)
</error>
    <system-out>
@integration-tests
Scenario Outline: Submitting get request for pr_p1 json formatted end point and validating expected output data is matching with actual data for a scenario:pr_p1_ev_csv.csv &amp;#27;[90m# src/test/java/com/elsevier/usage/apitests/features/dr_d1andpr_p1Report.feature:30&amp;#27;[0m
  &amp;#27;[31mGiven &amp;#27;[0m&amp;#27;[31mI select the environment on which the execution is to be processed&amp;#27;[0m                                                                                                   &amp;#27;[90m# com.elsevier.usage.apitests.stepdefinitions.ReportDefinition.selectEnvironment()&amp;#27;[0m
      &amp;#27;[31mjava.lang.NullPointerException
	at com.elsevier.usage.apitests.stepdefinitions.ReportDefinition.selectEnvironment(ReportDefinition.java:39)
	at ✽.I select the environment on which the execution is to be processed(file:///Users/sistum/usage-projects/restassuredpractice/src/test/java/com/elsevier/usage/apitests/features/dr_d1andpr_p1Report.feature:4)
&amp;#27;[0m
  &amp;#27;[36mAnd &amp;#27;[0m&amp;#27;[36mI submit a get request with the required request parameters such as &amp;#27;[0m&amp;#27;[36m&amp;#27;[1mC000036298&amp;#27;[0m&amp;#27;[36m,&amp;#27;[0m&amp;#27;[36m&amp;#27;[1mcounter&amp;#27;[0m&amp;#27;[36m,&amp;#27;[0m&amp;#27;[36m&amp;#27;[1m2016-01-01&amp;#27;[0m&amp;#27;[36m,&amp;#27;[0m&amp;#27;[36m&amp;#27;[1m2016-12-31&amp;#27;[0m&amp;#27;[36m,&amp;#27;[0m&amp;#27;[36m&amp;#27;[1mev&amp;#27;[0m&amp;#27;[36m and &amp;#27;[0m&amp;#27;[36m&amp;#27;[1mcsv&amp;#27;[0m                                                &amp;#27;[90m# com.elsevier.usage.apitests.stepdefinitions.ReportDefinition.submitRequest(java.lang.String,java.lang.String,java.lang.String,java.lang.String,java.lang.String,java.lang.String)&amp;#27;[0m
  &amp;#27;[36mAnd &amp;#27;[0m&amp;#27;[36mI provide the service url &amp;#27;[0m&amp;#27;[36m&amp;#27;[1mpr_p1&amp;#27;[0m&amp;#27;[36m and wait until response is 200&amp;#27;[0m                                                                                                         &amp;#27;[90m# com.elsevier.usage.apitests.stepdefinitions.ReportDefinition.serviceURLandLimit(java.lang.String)&amp;#27;[0m
  &amp;#27;[36mThen &amp;#27;[0m&amp;#27;[36mI compare the actual CSV output sent by the service with expected CSV output file present in expected-content directory &amp;#27;[0m&amp;#27;[36m&amp;#27;[1m&quot;src/test/expected-content/pr_p1_ev_csv.csv&quot;&amp;#27;[0m&amp;#27;[36m.&amp;#27;[0m &amp;#27;[90m# com.elsevier.usage.apitests.stepdefinitions.ReportDefinition.iCompareCSVFiles(java.lang.String)&amp;#27;[0m
</system-out>
  </testcase>
  <testcase classname="Perform functional testing around the actual contents of the reports that the service generates." name="Submitting get request for pr_p1 json formatted end point and validating expected output data is matching with actual data for a scenario:pr_p1_sd_csv.csv" time="0.004">
    <error type="java.lang.NullPointerException">java.lang.NullPointerException
	at com.elsevier.usage.apitests.stepdefinitions.ReportDefinition.selectEnvironment(ReportDefinition.java:39)
	at ✽.I select the environment on which the execution is to be processed(file:///Users/sistum/usage-projects/restassuredpractice/src/test/java/com/elsevier/usage/apitests/features/dr_d1andpr_p1Report.feature:4)
</error>
    <system-out>
@integration-tests
Scenario Outline: Submitting get request for pr_p1 json formatted end point and validating expected output data is matching with actual data for a scenario:pr_p1_sd_csv.csv &amp;#27;[90m# src/test/java/com/elsevier/usage/apitests/features/dr_d1andpr_p1Report.feature:31&amp;#27;[0m
  &amp;#27;[31mGiven &amp;#27;[0m&amp;#27;[31mI select the environment on which the execution is to be processed&amp;#27;[0m                                                                                                   &amp;#27;[90m# com.elsevier.usage.apitests.stepdefinitions.ReportDefinition.selectEnvironment()&amp;#27;[0m
      &amp;#27;[31mjava.lang.NullPointerException
	at com.elsevier.usage.apitests.stepdefinitions.ReportDefinition.selectEnvironment(ReportDefinition.java:39)
	at ✽.I select the environment on which the execution is to be processed(file:///Users/sistum/usage-projects/restassuredpractice/src/test/java/com/elsevier/usage/apitests/features/dr_d1andpr_p1Report.feature:4)
&amp;#27;[0m
  &amp;#27;[36mAnd &amp;#27;[0m&amp;#27;[36mI submit a get request with the required request parameters such as &amp;#27;[0m&amp;#27;[36m&amp;#27;[1mS000000002&amp;#27;[0m&amp;#27;[36m,&amp;#27;[0m&amp;#27;[36m&amp;#27;[1mcounter&amp;#27;[0m&amp;#27;[36m,&amp;#27;[0m&amp;#27;[36m&amp;#27;[1m2016-01-01&amp;#27;[0m&amp;#27;[36m,&amp;#27;[0m&amp;#27;[36m&amp;#27;[1m2016-12-31&amp;#27;[0m&amp;#27;[36m,&amp;#27;[0m&amp;#27;[36m&amp;#27;[1msd&amp;#27;[0m&amp;#27;[36m and &amp;#27;[0m&amp;#27;[36m&amp;#27;[1mcsv&amp;#27;[0m                                                &amp;#27;[90m# com.elsevier.usage.apitests.stepdefinitions.ReportDefinition.submitRequest(java.lang.String,java.lang.String,java.lang.String,java.lang.String,java.lang.String,java.lang.String)&amp;#27;[0m
  &amp;#27;[36mAnd &amp;#27;[0m&amp;#27;[36mI provide the service url &amp;#27;[0m&amp;#27;[36m&amp;#27;[1mpr_p1&amp;#27;[0m&amp;#27;[36m and wait until response is 200&amp;#27;[0m                                                                                                         &amp;#27;[90m# com.elsevier.usage.apitests.stepdefinitions.ReportDefinition.serviceURLandLimit(java.lang.String)&amp;#27;[0m
  &amp;#27;[36mThen &amp;#27;[0m&amp;#27;[36mI compare the actual CSV output sent by the service with expected CSV output file present in expected-content directory &amp;#27;[0m&amp;#27;[36m&amp;#27;[1m&quot;src/test/expected-content/pr_p1_sd_csv.csv&quot;&amp;#27;[0m&amp;#27;[36m.&amp;#27;[0m &amp;#27;[90m# com.elsevier.usage.apitests.stepdefinitions.ReportDefinition.iCompareCSVFiles(java.lang.String)&amp;#27;[0m
</system-out>
  </testcase>
  <testcase classname="Perform functional testing around the actual contents of the reports that the service generates." name="Submitting get request for dr_d1 json formatted end point and validating expected output data is matching with actual data for a scenario:dr_d1_ev_tsv.tsv" time="0.008">
    <error type="java.lang.NullPointerException">java.lang.NullPointerException
	at com.elsevier.usage.apitests.stepdefinitions.ReportDefinition.selectEnvironment(ReportDefinition.java:39)
	at ✽.I select the environment on which the execution is to be processed(file:///Users/sistum/usage-projects/restassuredpractice/src/test/java/com/elsevier/usage/apitests/features/dr_d1andpr_p1Report.feature:4)
</error>
    <system-out>
@integration-tests
Scenario Outline: Submitting get request for dr_d1 json formatted end point and validating expected output data is matching with actual data for a scenario:dr_d1_ev_tsv.tsv &amp;#27;[90m# src/test/java/com/elsevier/usage/apitests/features/dr_d1andpr_p1Report.feature:41&amp;#27;[0m
  &amp;#27;[31mGiven &amp;#27;[0m&amp;#27;[31mI select the environment on which the execution is to be processed&amp;#27;[0m                                                                                                   &amp;#27;[90m# com.elsevier.usage.apitests.stepdefinitions.ReportDefinition.selectEnvironment()&amp;#27;[0m
      &amp;#27;[31mjava.lang.NullPointerException
	at com.elsevier.usage.apitests.stepdefinitions.ReportDefinition.selectEnvironment(ReportDefinition.java:39)
	at ✽.I select the environment on which the execution is to be processed(file:///Users/sistum/usage-projects/restassuredpractice/src/test/java/com/elsevier/usage/apitests/features/dr_d1andpr_p1Report.feature:4)
&amp;#27;[0m
  &amp;#27;[36mAnd &amp;#27;[0m&amp;#27;[36mI submit a get request with the required request parameters such as &amp;#27;[0m&amp;#27;[36m&amp;#27;[1mC000036298&amp;#27;[0m&amp;#27;[36m,&amp;#27;[0m&amp;#27;[36m&amp;#27;[1mcounter&amp;#27;[0m&amp;#27;[36m,&amp;#27;[0m&amp;#27;[36m&amp;#27;[1m2017-01-01&amp;#27;[0m&amp;#27;[36m,&amp;#27;[0m&amp;#27;[36m&amp;#27;[1m2017-12-31&amp;#27;[0m&amp;#27;[36m,&amp;#27;[0m&amp;#27;[36m&amp;#27;[1mev&amp;#27;[0m&amp;#27;[36m and &amp;#27;[0m&amp;#27;[36m&amp;#27;[1mtsv&amp;#27;[0m                                                &amp;#27;[90m# com.elsevier.usage.apitests.stepdefinitions.ReportDefinition.submitRequest(java.lang.String,java.lang.String,java.lang.String,java.lang.String,java.lang.String,java.lang.String)&amp;#27;[0m
  &amp;#27;[36mAnd &amp;#27;[0m&amp;#27;[36mI provide the service url &amp;#27;[0m&amp;#27;[36m&amp;#27;[1mdr_d1&amp;#27;[0m&amp;#27;[36m and wait until response is 200&amp;#27;[0m                                                                                                         &amp;#27;[90m# com.elsevier.usage.apitests.stepdefinitions.ReportDefinition.serviceURLandLimit(java.lang.String)&amp;#27;[0m
  &amp;#27;[36mThen &amp;#27;[0m&amp;#27;[36mI compare the actual TSV output sent by the service with expected TSV output file present in expected-content directory &amp;#27;[0m&amp;#27;[36m&amp;#27;[1m&quot;src/test/expected-content/dr_d1_ev_tsv.tsv&quot;&amp;#27;[0m&amp;#27;[36m.&amp;#27;[0m &amp;#27;[90m# com.elsevier.usage.apitests.stepdefinitions.ReportDefinition.iCompareTSVFiles(java.lang.String)&amp;#27;[0m
</system-out>
  </testcase>
  <testcase classname="Perform functional testing around the actual contents of the reports that the service generates." name="Submitting get request for dr_d1 json formatted end point and validating expected output data is matching with actual data for a scenario:dr_d1_sc_tsv.tsv" time="0.005">
    <error type="java.lang.NullPointerException">java.lang.NullPointerException
	at com.elsevier.usage.apitests.stepdefinitions.ReportDefinition.selectEnvironment(ReportDefinition.java:39)
	at ✽.I select the environment on which the execution is to be processed(file:///Users/sistum/usage-projects/restassuredpractice/src/test/java/com/elsevier/usage/apitests/features/dr_d1andpr_p1Report.feature:4)
</error>
    <system-out>
@integration-tests
Scenario Outline: Submitting get request for dr_d1 json formatted end point and validating expected output data is matching with actual data for a scenario:dr_d1_sc_tsv.tsv &amp;#27;[90m# src/test/java/com/elsevier/usage/apitests/features/dr_d1andpr_p1Report.feature:42&amp;#27;[0m
  &amp;#27;[31mGiven &amp;#27;[0m&amp;#27;[31mI select the environment on which the execution is to be processed&amp;#27;[0m                                                                                                   &amp;#27;[90m# com.elsevier.usage.apitests.stepdefinitions.ReportDefinition.selectEnvironment()&amp;#27;[0m
      &amp;#27;[31mjava.lang.NullPointerException
	at com.elsevier.usage.apitests.stepdefinitions.ReportDefinition.selectEnvironment(ReportDefinition.java:39)
	at ✽.I select the environment on which the execution is to be processed(file:///Users/sistum/usage-projects/restassuredpractice/src/test/java/com/elsevier/usage/apitests/features/dr_d1andpr_p1Report.feature:4)
&amp;#27;[0m
  &amp;#27;[36mAnd &amp;#27;[0m&amp;#27;[36mI submit a get request with the required request parameters such as &amp;#27;[0m&amp;#27;[36m&amp;#27;[1mC000036298&amp;#27;[0m&amp;#27;[36m,&amp;#27;[0m&amp;#27;[36m&amp;#27;[1mcounter&amp;#27;[0m&amp;#27;[36m,&amp;#27;[0m&amp;#27;[36m&amp;#27;[1m2016-01-01&amp;#27;[0m&amp;#27;[36m,&amp;#27;[0m&amp;#27;[36m&amp;#27;[1m2016-12-31&amp;#27;[0m&amp;#27;[36m,&amp;#27;[0m&amp;#27;[36m&amp;#27;[1msc&amp;#27;[0m&amp;#27;[36m and &amp;#27;[0m&amp;#27;[36m&amp;#27;[1mtsv&amp;#27;[0m                                                &amp;#27;[90m# com.elsevier.usage.apitests.stepdefinitions.ReportDefinition.submitRequest(java.lang.String,java.lang.String,java.lang.String,java.lang.String,java.lang.String,java.lang.String)&amp;#27;[0m
  &amp;#27;[36mAnd &amp;#27;[0m&amp;#27;[36mI provide the service url &amp;#27;[0m&amp;#27;[36m&amp;#27;[1mdr_d1&amp;#27;[0m&amp;#27;[36m and wait until response is 200&amp;#27;[0m                                                                                                         &amp;#27;[90m# com.elsevier.usage.apitests.stepdefinitions.ReportDefinition.serviceURLandLimit(java.lang.String)&amp;#27;[0m
  &amp;#27;[36mThen &amp;#27;[0m&amp;#27;[36mI compare the actual TSV output sent by the service with expected TSV output file present in expected-content directory &amp;#27;[0m&amp;#27;[36m&amp;#27;[1m&quot;src/test/expected-content/dr_d1_sc_tsv.tsv&quot;&amp;#27;[0m&amp;#27;[36m.&amp;#27;[0m &amp;#27;[90m# com.elsevier.usage.apitests.stepdefinitions.ReportDefinition.iCompareTSVFiles(java.lang.String)&amp;#27;[0m
</system-out>
  </testcase>
  <testcase classname="Perform functional testing around the actual contents of the reports that the service generates." name="Submitting get request for pr_p1 json formatted end point and validating expected output data is matching with actual data for a scenario:pr_p1_sc_tsv.tsv" time="0.004">
    <error type="java.lang.NullPointerException">java.lang.NullPointerException
	at com.elsevier.usage.apitests.stepdefinitions.ReportDefinition.selectEnvironment(ReportDefinition.java:39)
	at ✽.I select the environment on which the execution is to be processed(file:///Users/sistum/usage-projects/restassuredpractice/src/test/java/com/elsevier/usage/apitests/features/dr_d1andpr_p1Report.feature:4)
</error>
    <system-out>
@integration-tests
Scenario Outline: Submitting get request for pr_p1 json formatted end point and validating expected output data is matching with actual data for a scenario:pr_p1_sc_tsv.tsv &amp;#27;[90m# src/test/java/com/elsevier/usage/apitests/features/dr_d1andpr_p1Report.feature:43&amp;#27;[0m
  &amp;#27;[31mGiven &amp;#27;[0m&amp;#27;[31mI select the environment on which the execution is to be processed&amp;#27;[0m                                                                                                   &amp;#27;[90m# com.elsevier.usage.apitests.stepdefinitions.ReportDefinition.selectEnvironment()&amp;#27;[0m
      &amp;#27;[31mjava.lang.NullPointerException
	at com.elsevier.usage.apitests.stepdefinitions.ReportDefinition.selectEnvironment(ReportDefinition.java:39)
	at ✽.I select the environment on which the execution is to be processed(file:///Users/sistum/usage-projects/restassuredpractice/src/test/java/com/elsevier/usage/apitests/features/dr_d1andpr_p1Report.feature:4)
&amp;#27;[0m
  &amp;#27;[36mAnd &amp;#27;[0m&amp;#27;[36mI submit a get request with the required request parameters such as &amp;#27;[0m&amp;#27;[36m&amp;#27;[1mC000036298&amp;#27;[0m&amp;#27;[36m,&amp;#27;[0m&amp;#27;[36m&amp;#27;[1mcounter&amp;#27;[0m&amp;#27;[36m,&amp;#27;[0m&amp;#27;[36m&amp;#27;[1m2016-01-01&amp;#27;[0m&amp;#27;[36m,&amp;#27;[0m&amp;#27;[36m&amp;#27;[1m2016-12-31&amp;#27;[0m&amp;#27;[36m,&amp;#27;[0m&amp;#27;[36m&amp;#27;[1msc&amp;#27;[0m&amp;#27;[36m and &amp;#27;[0m&amp;#27;[36m&amp;#27;[1mtsv&amp;#27;[0m                                                &amp;#27;[90m# com.elsevier.usage.apitests.stepdefinitions.ReportDefinition.submitRequest(java.lang.String,java.lang.String,java.lang.String,java.lang.String,java.lang.String,java.lang.String)&amp;#27;[0m
  &amp;#27;[36mAnd &amp;#27;[0m&amp;#27;[36mI provide the service url &amp;#27;[0m&amp;#27;[36m&amp;#27;[1mpr_p1&amp;#27;[0m&amp;#27;[36m and wait until response is 200&amp;#27;[0m                                                                                                         &amp;#27;[90m# com.elsevier.usage.apitests.stepdefinitions.ReportDefinition.serviceURLandLimit(java.lang.String)&amp;#27;[0m
  &amp;#27;[36mThen &amp;#27;[0m&amp;#27;[36mI compare the actual TSV output sent by the service with expected TSV output file present in expected-content directory &amp;#27;[0m&amp;#27;[36m&amp;#27;[1m&quot;src/test/expected-content/pr_p1_sc_tsv.tsv&quot;&amp;#27;[0m&amp;#27;[36m.&amp;#27;[0m &amp;#27;[90m# com.elsevier.usage.apitests.stepdefinitions.ReportDefinition.iCompareTSVFiles(java.lang.String)&amp;#27;[0m
</system-out>
  </testcase>
  <testcase classname="Perform functional testing around the actual contents of the reports that the service generates." name="Submitting get request for pr_p1 json formatted end point and validating expected output data is matching with actual data for a scenario:pr_p1_ev_tsv.tsv" time="0.004">
    <error type="java.lang.NullPointerException">java.lang.NullPointerException
	at com.elsevier.usage.apitests.stepdefinitions.ReportDefinition.selectEnvironment(ReportDefinition.java:39)
	at ✽.I select the environment on which the execution is to be processed(file:///Users/sistum/usage-projects/restassuredpractice/src/test/java/com/elsevier/usage/apitests/features/dr_d1andpr_p1Report.feature:4)
</error>
    <system-out>
@integration-tests
Scenario Outline: Submitting get request for pr_p1 json formatted end point and validating expected output data is matching with actual data for a scenario:pr_p1_ev_tsv.tsv &amp;#27;[90m# src/test/java/com/elsevier/usage/apitests/features/dr_d1andpr_p1Report.feature:44&amp;#27;[0m
  &amp;#27;[31mGiven &amp;#27;[0m&amp;#27;[31mI select the environment on which the execution is to be processed&amp;#27;[0m                                                                                                   &amp;#27;[90m# com.elsevier.usage.apitests.stepdefinitions.ReportDefinition.selectEnvironment()&amp;#27;[0m
      &amp;#27;[31mjava.lang.NullPointerException
	at com.elsevier.usage.apitests.stepdefinitions.ReportDefinition.selectEnvironment(ReportDefinition.java:39)
	at ✽.I select the environment on which the execution is to be processed(file:///Users/sistum/usage-projects/restassuredpractice/src/test/java/com/elsevier/usage/apitests/features/dr_d1andpr_p1Report.feature:4)
&amp;#27;[0m
  &amp;#27;[36mAnd &amp;#27;[0m&amp;#27;[36mI submit a get request with the required request parameters such as &amp;#27;[0m&amp;#27;[36m&amp;#27;[1mC000036298&amp;#27;[0m&amp;#27;[36m,&amp;#27;[0m&amp;#27;[36m&amp;#27;[1mcounter&amp;#27;[0m&amp;#27;[36m,&amp;#27;[0m&amp;#27;[36m&amp;#27;[1m2016-01-01&amp;#27;[0m&amp;#27;[36m,&amp;#27;[0m&amp;#27;[36m&amp;#27;[1m2016-12-31&amp;#27;[0m&amp;#27;[36m,&amp;#27;[0m&amp;#27;[36m&amp;#27;[1mev&amp;#27;[0m&amp;#27;[36m and &amp;#27;[0m&amp;#27;[36m&amp;#27;[1mtsv&amp;#27;[0m                                                &amp;#27;[90m# com.elsevier.usage.apitests.stepdefinitions.ReportDefinition.submitRequest(java.lang.String,java.lang.String,java.lang.String,java.lang.String,java.lang.String,java.lang.String)&amp;#27;[0m
  &amp;#27;[36mAnd &amp;#27;[0m&amp;#27;[36mI provide the service url &amp;#27;[0m&amp;#27;[36m&amp;#27;[1mpr_p1&amp;#27;[0m&amp;#27;[36m and wait until response is 200&amp;#27;[0m                                                                                                         &amp;#27;[90m# com.elsevier.usage.apitests.stepdefinitions.ReportDefinition.serviceURLandLimit(java.lang.String)&amp;#27;[0m
  &amp;#27;[36mThen &amp;#27;[0m&amp;#27;[36mI compare the actual TSV output sent by the service with expected TSV output file present in expected-content directory &amp;#27;[0m&amp;#27;[36m&amp;#27;[1m&quot;src/test/expected-content/pr_p1_ev_tsv.tsv&quot;&amp;#27;[0m&amp;#27;[36m.&amp;#27;[0m &amp;#27;[90m# com.elsevier.usage.apitests.stepdefinitions.ReportDefinition.iCompareTSVFiles(java.lang.String)&amp;#27;[0m
</system-out>
  </testcase>
  <testcase classname="Perform functional testing around the actual contents of the reports that the service generates." name="Submitting get request for pr_p1 json formatted end point and validating expected output data is matching with actual data for a scenario:pr_p1_sd_tsv.tsv" time="0.005">
    <error type="java.lang.NullPointerException">java.lang.NullPointerException
	at com.elsevier.usage.apitests.stepdefinitions.ReportDefinition.selectEnvironment(ReportDefinition.java:39)
	at ✽.I select the environment on which the execution is to be processed(file:///Users/sistum/usage-projects/restassuredpractice/src/test/java/com/elsevier/usage/apitests/features/dr_d1andpr_p1Report.feature:4)
</error>
    <system-out>
@integration-tests
Scenario Outline: Submitting get request for pr_p1 json formatted end point and validating expected output data is matching with actual data for a scenario:pr_p1_sd_tsv.tsv &amp;#27;[90m# src/test/java/com/elsevier/usage/apitests/features/dr_d1andpr_p1Report.feature:45&amp;#27;[0m
  &amp;#27;[31mGiven &amp;#27;[0m&amp;#27;[31mI select the environment on which the execution is to be processed&amp;#27;[0m                                                                                                   &amp;#27;[90m# com.elsevier.usage.apitests.stepdefinitions.ReportDefinition.selectEnvironment()&amp;#27;[0m
      &amp;#27;[31mjava.lang.NullPointerException
	at com.elsevier.usage.apitests.stepdefinitions.ReportDefinition.selectEnvironment(ReportDefinition.java:39)
	at ✽.I select the environment on which the execution is to be processed(file:///Users/sistum/usage-projects/restassuredpractice/src/test/java/com/elsevier/usage/apitests/features/dr_d1andpr_p1Report.feature:4)
&amp;#27;[0m
  &amp;#27;[36mAnd &amp;#27;[0m&amp;#27;[36mI submit a get request with the required request parameters such as &amp;#27;[0m&amp;#27;[36m&amp;#27;[1mS000000002&amp;#27;[0m&amp;#27;[36m,&amp;#27;[0m&amp;#27;[36m&amp;#27;[1mcounter&amp;#27;[0m&amp;#27;[36m,&amp;#27;[0m&amp;#27;[36m&amp;#27;[1m2016-01-01&amp;#27;[0m&amp;#27;[36m,&amp;#27;[0m&amp;#27;[36m&amp;#27;[1m2016-12-31&amp;#27;[0m&amp;#27;[36m,&amp;#27;[0m&amp;#27;[36m&amp;#27;[1msd&amp;#27;[0m&amp;#27;[36m and &amp;#27;[0m&amp;#27;[36m&amp;#27;[1mtsv&amp;#27;[0m                                                &amp;#27;[90m# com.elsevier.usage.apitests.stepdefinitions.ReportDefinition.submitRequest(java.lang.String,java.lang.String,java.lang.String,java.lang.String,java.lang.String,java.lang.String)&amp;#27;[0m
  &amp;#27;[36mAnd &amp;#27;[0m&amp;#27;[36mI provide the service url &amp;#27;[0m&amp;#27;[36m&amp;#27;[1mpr_p1&amp;#27;[0m&amp;#27;[36m and wait until response is 200&amp;#27;[0m                                                                                                         &amp;#27;[90m# com.elsevier.usage.apitests.stepdefinitions.ReportDefinition.serviceURLandLimit(java.lang.String)&amp;#27;[0m
  &amp;#27;[36mThen &amp;#27;[0m&amp;#27;[36mI compare the actual TSV output sent by the service with expected TSV output file present in expected-content directory &amp;#27;[0m&amp;#27;[36m&amp;#27;[1m&quot;src/test/expected-content/pr_p1_sd_tsv.tsv&quot;&amp;#27;[0m&amp;#27;[36m.&amp;#27;[0m &amp;#27;[90m# com.elsevier.usage.apitests.stepdefinitions.ReportDefinition.iCompareTSVFiles(java.lang.String)&amp;#27;[0m
</system-out>
  </testcase>
</testsuite>