<?xml version="1.0" encoding="UTF-8"?>
<testsuite xmlns:xsi="http://www.w3.org/2001/XMLSchema-instance" xsi:noNamespaceSchemaLocation="https://maven.apache.org/surefire/maven-surefire-plugin/xsd/surefire-test-report-3.0.xsd" version="3.0" name="com.elsevier.usage.apitests.cucumberoptions.TestRunner" time="2.866" tests="1" errors="0" skipped="0" failures="1">
  <properties>
[...]
</properties>
  <testcase name="Submitting get request for dr_d1 json formatted end point and validating expected output data is matching with actual data for a scenario:dr_d1_sc_json.json" classname="Perform functional testing around the actual contents of the reports that the service generates." time="2.354">
    <failure message="Report_Header.Customer_ID&#10;Expected: C000036298&#10;     got: S000000004&#10; ; Report_Header.Institution_Name&#10;Expected: University of Connecticut&#10;     got: COUPERIN Consortium&#10; ; Report_Items[Database=Scopus].Performance[0] Could not find match for element {&quot;Instance&quot;:[{&quot;Metric_Type&quot;:&quot;Searches_Regular&quot;,&quot;Count&quot;:8457}],&quot;Period&quot;:{&quot;Begin_Date&quot;:&quot;2016-01-01&quot;,&quot;End_Date&quot;:&quot;2016-01-31&quot;}}" type="java.lang.AssertionError"><![CDATA[java.lang.AssertionError: 
Report_Header.Customer_ID
Expected: C000036298
     got: S000000004
 ; Report_Header.Institution_Name
Expected: University of Connecticut
     got: COUPERIN Consortium
 ; Report_Items[Database=Scopus].Performance[0] Could not find match for element {"Instance":[{"Metric_Type":"Searches_Regular","Count":8457}],"Period":{"Begin_Date":"2016-01-01","End_Date":"2016-01-31"}}
]]></failure>
    <system-out><![CDATA[
@integration-tests
Scenario Outline: Submitting get request for dr_d1 json formatted end point and validating expected output data is matching with actual data for a scenario:dr_d1_sc_json.json # src/test/java/com/elsevier/usage/apitests/features/getreport.feature:11
  Given I select the environment on which the execution is to be processed                                                                                                     # com.elsevier.usage.apitests.stepdefinitions.ReportDefinition.selectEnvironment()
  And I submit a get request with the required request parameters such as s000000004,counter,2016-01-01,2016-12-31,sc and json                                                 # com.elsevier.usage.apitests.stepdefinitions.ReportDefinition.submitRequest(java.lang.String,java.lang.String,java.lang.String,java.lang.String,java.lang.String,java.lang.String)
Request method:	GET
Request URI:	https://counterdatasvc.usage.elsst.com/reports/dr_d1?platform=sc&report_format=json&begin_date=2016-01-01&end_date=2016-12-31&customer_id=s000000004&requestor_id=counter
Proxy:			<none>
Request params:	<none>
Query params:	platform=sc
				report_format=json
				begin_date=2016-01-01
				end_date=2016-12-31
				customer_id=s000000004
				requestor_id=counter
Form params:	<none>
Path params:	<none>
Headers:		Accept=*/*
Cookies:		<none>
Multiparts:		<none>
Body:			<none>
------------->200
  And I provide the service url dr_d1 and wait until response is 200                                                                                                           # com.elsevier.usage.apitests.stepdefinitions.ReportDefinition.serviceURLandLimit(java.lang.String)
------------------->{"Report_Header":{"Created":"2020-12-07T10:53:00Z","Created_By":"Elsevier Services","Customer_ID":"C000036298","Report_ID":"DR_D1","Release":"5","Report_Name":"Database Search and Item Usage","Institution_Name":"University of Connecticut","Report_Filters":[{"Name":"Metric_Type","Value":"Searches_Automated|Searches_Federated|Searches_Regular|Total_Item_Investigations|Total_Item_Requests"},{"Name":"Access_Method","Value":"Regular"},{"Name":"Begin_Date","Value":"2016-01-01"},{"Name":"End_Date","Value":"2016-12-31"}]},"Report_Items":[{"Platform":"Scopus.com","Database":"Scopus","Publisher":"Elsevier","Performance":[{"Period":{"Begin_Date":"2016-01-01","End_Date":"2016-01-31"},"Instance":[{"Metric_Type":"Searches_Regular","Count":8457}]},{"Period":{"Begin_Date":"2016-02-01","End_Date":"2016-02-29"},"Instance":[{"Metric_Type":"Searches_Regular","Count":12694}]},{"Period":{"Begin_Date":"2016-03-01","End_Date":"2016-03-31"},"Instance":[{"Metric_Type":"Searches_Federated","Count":3},{"Metric_Type":"Searches_Regular","Count":11449}]},{"Period":{"Begin_Date":"2016-04-01","End_Date":"2016-04-30"},"Instance":[{"Metric_Type":"Searches_Regular","Count":11700}]},{"Period":{"Begin_Date":"2016-05-01","End_Date":"2016-05-31"},"Instance":[{"Metric_Type":"Searches_Federated","Count":2},{"Metric_Type":"Searches_Regular","Count":7890}]},{"Period":{"Begin_Date":"2016-06-01","End_Date":"2016-06-30"},"Instance":[{"Metric_Type":"Searches_Regular","Count":6467}]},{"Period":{"Begin_Date":"2016-07-01","End_Date":"2016-07-31"},"Instance":[{"Metric_Type":"Searches_Regular","Count":6050}]},{"Period":{"Begin_Date":"2016-08-01","End_Date":"2016-08-31"},"Instance":[{"Metric_Type":"Searches_Regular","Count":8031}]},{"Period":{"Begin_Date":"2016-09-01","End_Date":"2016-09-30"},"Instance":[{"Metric_Type":"Searches_Regular","Count":9616}]},{"Period":{"Begin_Date":"2016-10-01","End_Date":"2016-10-31"},"Instance":[{"Metric_Type":"Searches_Regular","Count":10568}]},{"Period":{"Begin_Date":"2016-11-01","End_Date":"2016-11-30"},"Instance":[{"Metric_Type":"Searches_Regular","Count":8806}]},{"Period":{"Begin_Date":"2016-12-01","End_Date":"2016-12-31"},"Instance":[{"Metric_Type":"Searches_Regular","Count":6978}]}]}]}
  Then I compare the actual output sent by service with expected output file present in expected-content directory "src/test/expected-content/dr_d1_sc_json.json".             # com.elsevier.usage.apitests.stepdefinitions.ReportDefinition.compareJsonFiles(java.lang.String)
      java.lang.AssertionError: Report_Header.Customer_ID
Expected: C000036298
     got: S000000004
 ; Report_Header.Institution_Name
Expected: University of Connecticut
     got: COUPERIN Consortium
 ; Report_Items[Database=Scopus].Performance[0] Could not find match for element {"Instance":[{"Metric_Type":"Searches_Regular","Count":8457}],"Period":{"Begin_Date":"2016-01-01","End_Date":"2016-01-31"}}
	at org.skyscreamer.jsonassert.JSONAssert.assertEquals(JSONAssert.java:482)
	at org.skyscreamer.jsonassert.JSONAssert.assertEquals(JSONAssert.java:464)
	at com.elsevier.usage.apitests.stepdefinitions.ReportDefinition.compareJsonFiles(ReportDefinition.java:68)
	at ✽.I compare the actual output sent by service with expected output file present in expected-content directory "src/test/expected-content/dr_d1_sc_json.json".(file:///Users/sistum/usage-projects/restassuredpractice/src/test/java/com/elsevier/usage/apitests/features/getreport.feature:8)

]]></system-out>
  </testcase>
</testsuite>